<?xml version="1.0" encoding="UTF-8"?>
<coverage generated="1585901370286" clover="3.2.0">
  <project timestamp="1585901370286" name="All files">
    <metrics statements="77" coveredstatements="56" conditionals="21" coveredconditionals="8" methods="27" coveredmethods="19" elements="125" coveredelements="83" complexity="0" loc="77" ncloc="77" packages="1" files="1" classes="1"/>
    <file name="emails-input.component.ts" path="/Users/ilyabarchugov/Websites/emails-input/src/components/emails-input/emails-input.component.ts">
      <metrics statements="77" coveredstatements="56" conditionals="21" coveredconditionals="8" methods="27" coveredmethods="19"/>
      <line num="8" count="1" type="stmt"/>
      <line num="16" count="1" type="stmt"/>
      <line num="17" count="1" type="stmt"/>
      <line num="18" count="1" type="stmt"/>
      <line num="19" count="1" type="stmt"/>
      <line num="23" count="1" type="stmt"/>
      <line num="24" count="1" type="stmt"/>
      <line num="28" count="1" type="stmt"/>
      <line num="33" count="1" type="stmt"/>
      <line num="35" count="1" type="stmt"/>
      <line num="36" count="1" type="stmt"/>
      <line num="44" count="10" type="stmt"/>
      <line num="45" count="10" type="stmt"/>
      <line num="46" count="10" type="cond" truecount="2" falsecount="0"/>
      <line num="48" count="10" type="stmt"/>
      <line num="52" count="1" type="stmt"/>
      <line num="53" count="2" type="stmt"/>
      <line num="54" count="1" type="stmt"/>
      <line num="55" count="1" type="stmt"/>
      <line num="56" count="1" type="stmt"/>
      <line num="57" count="1" type="stmt"/>
      <line num="61" count="1" type="stmt"/>
      <line num="62" count="0" type="stmt"/>
      <line num="63" count="0" type="stmt"/>
      <line num="66" count="1" type="stmt"/>
      <line num="68" count="1" type="stmt"/>
      <line num="69" count="0" type="stmt"/>
      <line num="70" count="0" type="stmt"/>
      <line num="73" count="1" type="stmt"/>
      <line num="74" count="0" type="stmt"/>
      <line num="75" count="0" type="stmt"/>
      <line num="80" count="1" type="stmt"/>
      <line num="84" count="6" type="cond" truecount="2" falsecount="0"/>
      <line num="85" count="1" type="stmt"/>
      <line num="88" count="5" type="cond" truecount="2" falsecount="0"/>
      <line num="89" count="1" type="stmt"/>
      <line num="92" count="4" type="stmt"/>
      <line num="93" count="4" type="stmt"/>
      <line num="95" count="4" type="stmt"/>
      <line num="96" count="4" type="cond" truecount="2" falsecount="0"/>
      <line num="97" count="2" type="stmt"/>
      <line num="99" count="4" type="stmt"/>
      <line num="101" count="4" type="stmt"/>
      <line num="102" count="4" type="stmt"/>
      <line num="103" count="4" type="stmt"/>
      <line num="104" count="4" type="stmt"/>
      <line num="105" count="4" type="stmt"/>
      <line num="106" count="4" type="stmt"/>
      <line num="107" count="4" type="stmt"/>
      <line num="108" count="4" type="stmt"/>
      <line num="109" count="4" type="stmt"/>
      <line num="113" count="2" type="stmt"/>
      <line num="115" count="2" type="stmt"/>
      <line num="117" count="2" type="stmt"/>
      <line num="118" count="3" type="stmt"/>
      <line num="119" count="2" type="stmt"/>
      <line num="122" count="1" type="stmt"/>
      <line num="123" count="0" type="cond" truecount="0" falsecount="2"/>
      <line num="124" count="0" type="cond" truecount="0" falsecount="5"/>
      <line num="128" count="0" type="stmt"/>
      <line num="129" count="0" type="stmt"/>
      <line num="130" count="0" type="stmt"/>
      <line num="132" count="0" type="cond" truecount="0" falsecount="2"/>
      <line num="133" count="0" type="stmt"/>
      <line num="135" count="0" type="stmt"/>
      <line num="136" count="0" type="stmt"/>
      <line num="137" count="0" type="stmt"/>
      <line num="139" count="0" type="stmt"/>
      <line num="140" count="0" type="cond" truecount="0" falsecount="4"/>
      <line num="141" count="0" type="stmt"/>
      <line num="142" count="0" type="stmt"/>
      <line num="144" count="0" type="stmt"/>
      <line num="149" count="6" type="stmt"/>
      <line num="153" count="2" type="stmt"/>
      <line num="154" count="2" type="stmt"/>
      <line num="158" count="4" type="stmt"/>
      <line num="162" count="2" type="stmt"/>
    </file>
  </project>
</coverage>
