{"/Users/ilyabarchugov/Websites/emails-input/src/components/emails-input/emails-input.component.ts": {"path":"/Users/ilyabarchugov/Websites/emails-input/src/components/emails-input/emails-input.component.ts","statementMap":{"0":{"start":{"line":1,"column":18},"end":{"line":1,"column":21}},"1":{"start":{"line":3,"column":20},"end":{"line":3,"column":36}},"2":{"start":{"line":6,"column":2},"end":{"line":6,"column":181}},"3":{"start":{"line":21,"column":40},"end":{"line":21,"column":54}},"4":{"start":{"line":22,"column":36},"end":{"line":22,"column":57}},"5":{"start":{"line":23,"column":36},"end":{"line":23,"column":57}},"6":{"start":{"line":24,"column":44},"end":{"line":24,"column":69}},"7":{"start":{"line":25,"column":38},"end":{"line":25,"column":50}},"8":{"start":{"line":26,"column":38},"end":{"line":26,"column":50}},"9":{"start":{"line":48,"column":31},"end":{"line":48,"column":33}},"10":{"start":{"line":63,"column":4},"end":{"line":65,"column":5}},"11":{"start":{"line":64,"column":6},"end":{"line":64,"column":54}},"12":{"start":{"line":67,"column":4},"end":{"line":67,"column":27}},"13":{"start":{"line":68,"column":4},"end":{"line":68,"column":29}},"14":{"start":{"line":76,"column":23},"end":{"line":78,"column":53}},"15":{"start":{"line":78,"column":23},"end":{"line":78,"column":52}},"16":{"start":{"line":80,"column":4},"end":{"line":83,"column":26}},"17":{"start":{"line":84,"column":4},"end":{"line":84,"column":30}},"18":{"start":{"line":85,"column":28},"end":{"line":85,"column":75}},"19":{"start":{"line":85,"column":55},"end":{"line":85,"column":74}},"20":{"start":{"line":86,"column":4},"end":{"line":89,"column":7}},"21":{"start":{"line":87,"column":6},"end":{"line":87,"column":51}},"22":{"start":{"line":88,"column":6},"end":{"line":88,"column":51}},"23":{"start":{"line":90,"column":4},"end":{"line":90,"column":47}},"24":{"start":{"line":92,"column":4},"end":{"line":92,"column":71}},"25":{"start":{"line":93,"column":4},"end":{"line":93,"column":37}},"26":{"start":{"line":94,"column":34},"end":{"line":94,"column":81}},"27":{"start":{"line":94,"column":61},"end":{"line":94,"column":80}},"28":{"start":{"line":95,"column":4},"end":{"line":98,"column":7}},"29":{"start":{"line":96,"column":6},"end":{"line":96,"column":57}},"30":{"start":{"line":97,"column":6},"end":{"line":97,"column":51}},"31":{"start":{"line":99,"column":4},"end":{"line":99,"column":53}},"32":{"start":{"line":101,"column":4},"end":{"line":101,"column":79}},"33":{"start":{"line":102,"column":4},"end":{"line":102,"column":36}},"34":{"start":{"line":109,"column":4},"end":{"line":112,"column":18}},"35":{"start":{"line":110,"column":24},"end":{"line":110,"column":34}},"36":{"start":{"line":111,"column":21},"end":{"line":111,"column":31}},"37":{"start":{"line":126,"column":20},"end":{"line":126,"column":48}},"38":{"start":{"line":128,"column":4},"end":{"line":130,"column":5}},"39":{"start":{"line":129,"column":6},"end":{"line":129,"column":36}},"40":{"start":{"line":132,"column":4},"end":{"line":134,"column":5}},"41":{"start":{"line":133,"column":6},"end":{"line":133,"column":36}},"42":{"start":{"line":136,"column":4},"end":{"line":136,"column":19}},"43":{"start":{"line":145,"column":22},"end":{"line":147,"column":91}},"44":{"start":{"line":148,"column":22},"end":{"line":148,"column":65}},"45":{"start":{"line":150,"column":22},"end":{"line":150,"column":96}},"46":{"start":{"line":151,"column":4},"end":{"line":151,"column":38}},"47":{"start":{"line":152,"column":4},"end":{"line":152,"column":71}},"48":{"start":{"line":152,"column":46},"end":{"line":152,"column":69}},"49":{"start":{"line":153,"column":4},"end":{"line":153,"column":37}},"50":{"start":{"line":155,"column":4},"end":{"line":155,"column":21}},"51":{"start":{"line":162,"column":4},"end":{"line":162,"column":76}},"52":{"start":{"line":163,"column":4},"end":{"line":163,"column":64}},"53":{"start":{"line":164,"column":4},"end":{"line":164,"column":57}},"54":{"start":{"line":165,"column":4},"end":{"line":165,"column":59}},"55":{"start":{"line":166,"column":4},"end":{"line":166,"column":63}},"56":{"start":{"line":173,"column":33},"end":{"line":176,"column":3}},"57":{"start":{"line":174,"column":4},"end":{"line":174,"column":23}},"58":{"start":{"line":175,"column":4},"end":{"line":175,"column":77}},"59":{"start":{"line":182,"column":29},"end":{"line":184,"column":3}},"60":{"start":{"line":183,"column":4},"end":{"line":183,"column":77}},"61":{"start":{"line":190,"column":23},"end":{"line":193,"column":3}},"62":{"start":{"line":191,"column":4},"end":{"line":191,"column":36}},"63":{"start":{"line":192,"column":4},"end":{"line":192,"column":80}},"64":{"start":{"line":199,"column":24},"end":{"line":201,"column":3}},"65":{"start":{"line":200,"column":4},"end":{"line":200,"column":98}},"66":{"start":{"line":200,"column":21},"end":{"line":200,"column":93}},"67":{"start":{"line":200,"column":73},"end":{"line":200,"column":92}},"68":{"start":{"line":210,"column":26},"end":{"line":236,"column":3}},"69":{"start":{"line":211,"column":4},"end":{"line":235,"column":5}},"70":{"start":{"line":214,"column":8},"end":{"line":214,"column":31}},"71":{"start":{"line":215,"column":8},"end":{"line":215,"column":40}},"72":{"start":{"line":216,"column":8},"end":{"line":216,"column":14}},"73":{"start":{"line":218,"column":27},"end":{"line":218,"column":43}},"74":{"start":{"line":220,"column":8},"end":{"line":222,"column":9}},"75":{"start":{"line":221,"column":10},"end":{"line":221,"column":17}},"76":{"start":{"line":224,"column":8},"end":{"line":224,"column":31}},"77":{"start":{"line":225,"column":8},"end":{"line":225,"column":34}},"78":{"start":{"line":226,"column":8},"end":{"line":226,"column":14}},"79":{"start":{"line":228,"column":26},"end":{"line":228,"column":67}},"80":{"start":{"line":230,"column":8},"end":{"line":233,"column":9}},"81":{"start":{"line":231,"column":10},"end":{"line":231,"column":33}},"82":{"start":{"line":232,"column":10},"end":{"line":232,"column":44}},"83":{"start":{"line":234,"column":8},"end":{"line":234,"column":14}},"84":{"start":{"line":243,"column":4},"end":{"line":243,"column":35}},"85":{"start":{"line":250,"column":23},"end":{"line":252,"column":5}},"86":{"start":{"line":253,"column":4},"end":{"line":256,"column":7}},"87":{"start":{"line":254,"column":6},"end":{"line":254,"column":48}},"88":{"start":{"line":255,"column":6},"end":{"line":255,"column":61}},"89":{"start":{"line":257,"column":4},"end":{"line":257,"column":24}},"90":{"start":{"line":258,"column":4},"end":{"line":258,"column":32}},"91":{"start":{"line":266,"column":4},"end":{"line":266,"column":35}},"92":{"start":{"line":268,"column":4},"end":{"line":270,"column":5}},"93":{"start":{"line":269,"column":6},"end":{"line":269,"column":13}},"94":{"start":{"line":272,"column":4},"end":{"line":275,"column":5}},"95":{"start":{"line":273,"column":29},"end":{"line":273,"column":56}},"96":{"start":{"line":274,"column":6},"end":{"line":274,"column":67}},"97":{"start":{"line":274,"column":46},"end":{"line":274,"column":65}},"98":{"start":{"line":277,"column":4},"end":{"line":279,"column":5}},"99":{"start":{"line":277,"column":38},"end":{"line":277,"column":63}},"100":{"start":{"line":278,"column":6},"end":{"line":278,"column":76}},"101":{"start":{"line":281,"column":20},"end":{"line":281,"column":50}},"102":{"start":{"line":282,"column":22},"end":{"line":282,"column":66}},"103":{"start":{"line":283,"column":4},"end":{"line":283,"column":59}},"104":{"start":{"line":285,"column":4},"end":{"line":285,"column":63}},"105":{"start":{"line":286,"column":4},"end":{"line":286,"column":32}},"106":{"start":{"line":287,"column":4},"end":{"line":287,"column":26}},"107":{"start":{"line":288,"column":4},"end":{"line":288,"column":35}},"108":{"start":{"line":296,"column":22},"end":{"line":298,"column":59}},"109":{"start":{"line":298,"column":24},"end":{"line":298,"column":55}},"110":{"start":{"line":299,"column":4},"end":{"line":299,"column":46}},"111":{"start":{"line":300,"column":4},"end":{"line":300,"column":80}},"112":{"start":{"line":300,"column":53},"end":{"line":300,"column":78}},"113":{"start":{"line":301,"column":4},"end":{"line":301,"column":32}},"114":{"start":{"line":302,"column":4},"end":{"line":302,"column":38}},"115":{"start":{"line":309,"column":4},"end":{"line":309,"column":26}},"116":{"start":{"line":317,"column":4},"end":{"line":317,"column":20}},"117":{"start":{"line":318,"column":4},"end":{"line":318,"column":60}},"118":{"start":{"line":318,"column":38},"end":{"line":318,"column":58}},"119":{"start":{"line":326,"column":4},"end":{"line":326,"column":68}},"120":{"start":{"line":326,"column":47},"end":{"line":326,"column":67}},"121":{"start":{"line":334,"column":4},"end":{"line":334,"column":71}},"122":{"start":{"line":334,"column":50},"end":{"line":334,"column":70}}},"fnMap":{"0":{"name":"(anonymous_0)","decl":{"start":{"line":62,"column":2},"end":{"line":62,"column":3}},"loc":{"start":{"line":62,"column":50},"end":{"line":69,"column":3}},"line":62},"1":{"name":"(anonymous_1)","decl":{"start":{"line":75,"column":2},"end":{"line":75,"column":3}},"loc":{"start":{"line":75,"column":28},"end":{"line":103,"column":3}},"line":75},"2":{"name":"(anonymous_2)","decl":{"start":{"line":78,"column":14},"end":{"line":78,"column":15}},"loc":{"start":{"line":78,"column":23},"end":{"line":78,"column":52}},"line":78},"3":{"name":"(anonymous_3)","decl":{"start":{"line":85,"column":46},"end":{"line":85,"column":47}},"loc":{"start":{"line":85,"column":55},"end":{"line":85,"column":74}},"line":85},"4":{"name":"(anonymous_4)","decl":{"start":{"line":86,"column":28},"end":{"line":86,"column":29}},"loc":{"start":{"line":86,"column":37},"end":{"line":89,"column":5}},"line":86},"5":{"name":"(anonymous_5)","decl":{"start":{"line":94,"column":52},"end":{"line":94,"column":53}},"loc":{"start":{"line":94,"column":61},"end":{"line":94,"column":80}},"line":94},"6":{"name":"(anonymous_6)","decl":{"start":{"line":95,"column":34},"end":{"line":95,"column":35}},"loc":{"start":{"line":95,"column":43},"end":{"line":98,"column":5}},"line":95},"7":{"name":"(anonymous_7)","decl":{"start":{"line":108,"column":2},"end":{"line":108,"column":3}},"loc":{"start":{"line":108,"column":33},"end":{"line":113,"column":3}},"line":108},"8":{"name":"(anonymous_8)","decl":{"start":{"line":110,"column":14},"end":{"line":110,"column":15}},"loc":{"start":{"line":110,"column":24},"end":{"line":110,"column":34}},"line":110},"9":{"name":"(anonymous_9)","decl":{"start":{"line":111,"column":11},"end":{"line":111,"column":12}},"loc":{"start":{"line":111,"column":21},"end":{"line":111,"column":31}},"line":111},"10":{"name":"(anonymous_10)","decl":{"start":{"line":121,"column":2},"end":{"line":121,"column":3}},"loc":{"start":{"line":125,"column":36},"end":{"line":137,"column":3}},"line":125},"11":{"name":"(anonymous_11)","decl":{"start":{"line":144,"column":2},"end":{"line":144,"column":3}},"loc":{"start":{"line":144,"column":73},"end":{"line":156,"column":3}},"line":144},"12":{"name":"(anonymous_12)","decl":{"start":{"line":152,"column":40},"end":{"line":152,"column":41}},"loc":{"start":{"line":152,"column":46},"end":{"line":152,"column":69}},"line":152},"13":{"name":"(anonymous_13)","decl":{"start":{"line":161,"column":2},"end":{"line":161,"column":3}},"loc":{"start":{"line":161,"column":30},"end":{"line":167,"column":3}},"line":161},"14":{"name":"(anonymous_14)","decl":{"start":{"line":173,"column":33},"end":{"line":173,"column":34}},"loc":{"start":{"line":173,"column":39},"end":{"line":176,"column":3}},"line":173},"15":{"name":"(anonymous_15)","decl":{"start":{"line":182,"column":29},"end":{"line":182,"column":30}},"loc":{"start":{"line":182,"column":35},"end":{"line":184,"column":3}},"line":182},"16":{"name":"(anonymous_16)","decl":{"start":{"line":190,"column":23},"end":{"line":190,"column":24}},"loc":{"start":{"line":190,"column":29},"end":{"line":193,"column":3}},"line":190},"17":{"name":"(anonymous_17)","decl":{"start":{"line":199,"column":24},"end":{"line":199,"column":25}},"loc":{"start":{"line":199,"column":30},"end":{"line":201,"column":3}},"line":199},"18":{"name":"(anonymous_18)","decl":{"start":{"line":200,"column":15},"end":{"line":200,"column":16}},"loc":{"start":{"line":200,"column":21},"end":{"line":200,"column":93}},"line":200},"19":{"name":"(anonymous_19)","decl":{"start":{"line":200,"column":63},"end":{"line":200,"column":64}},"loc":{"start":{"line":200,"column":73},"end":{"line":200,"column":92}},"line":200},"20":{"name":"(anonymous_20)","decl":{"start":{"line":210,"column":26},"end":{"line":210,"column":27}},"loc":{"start":{"line":210,"column":52},"end":{"line":236,"column":3}},"line":210},"21":{"name":"(anonymous_21)","decl":{"start":{"line":242,"column":2},"end":{"line":242,"column":3}},"loc":{"start":{"line":242,"column":48},"end":{"line":244,"column":3}},"line":242},"22":{"name":"(anonymous_22)","decl":{"start":{"line":249,"column":2},"end":{"line":249,"column":3}},"loc":{"start":{"line":249,"column":21},"end":{"line":259,"column":3}},"line":249},"23":{"name":"(anonymous_23)","decl":{"start":{"line":253,"column":23},"end":{"line":253,"column":24}},"loc":{"start":{"line":253,"column":38},"end":{"line":256,"column":5}},"line":253},"24":{"name":"(anonymous_24)","decl":{"start":{"line":265,"column":2},"end":{"line":265,"column":3}},"loc":{"start":{"line":265,"column":36},"end":{"line":289,"column":3}},"line":265},"25":{"name":"(anonymous_25)","decl":{"start":{"line":274,"column":36},"end":{"line":274,"column":37}},"loc":{"start":{"line":274,"column":46},"end":{"line":274,"column":65}},"line":274},"26":{"name":"(anonymous_26)","decl":{"start":{"line":277,"column":28},"end":{"line":277,"column":29}},"loc":{"start":{"line":277,"column":38},"end":{"line":277,"column":63}},"line":277},"27":{"name":"(anonymous_27)","decl":{"start":{"line":295,"column":2},"end":{"line":295,"column":3}},"loc":{"start":{"line":295,"column":34},"end":{"line":303,"column":3}},"line":295},"28":{"name":"(anonymous_28)","decl":{"start":{"line":298,"column":14},"end":{"line":298,"column":15}},"loc":{"start":{"line":298,"column":24},"end":{"line":298,"column":55}},"line":298},"29":{"name":"(anonymous_29)","decl":{"start":{"line":300,"column":43},"end":{"line":300,"column":44}},"loc":{"start":{"line":300,"column":53},"end":{"line":300,"column":78}},"line":300},"30":{"name":"(anonymous_30)","decl":{"start":{"line":308,"column":2},"end":{"line":308,"column":3}},"loc":{"start":{"line":308,"column":23},"end":{"line":310,"column":3}},"line":308},"31":{"name":"(anonymous_31)","decl":{"start":{"line":316,"column":2},"end":{"line":316,"column":3}},"loc":{"start":{"line":316,"column":39},"end":{"line":319,"column":3}},"line":316},"32":{"name":"(anonymous_32)","decl":{"start":{"line":318,"column":27},"end":{"line":318,"column":28}},"loc":{"start":{"line":318,"column":38},"end":{"line":318,"column":58}},"line":318},"33":{"name":"(anonymous_33)","decl":{"start":{"line":325,"column":2},"end":{"line":325,"column":3}},"loc":{"start":{"line":325,"column":30},"end":{"line":327,"column":3}},"line":325},"34":{"name":"(anonymous_34)","decl":{"start":{"line":326,"column":23},"end":{"line":326,"column":24}},"loc":{"start":{"line":326,"column":47},"end":{"line":326,"column":67}},"line":326},"35":{"name":"(anonymous_35)","decl":{"start":{"line":333,"column":2},"end":{"line":333,"column":3}},"loc":{"start":{"line":333,"column":32},"end":{"line":335,"column":3}},"line":333},"36":{"name":"(anonymous_36)","decl":{"start":{"line":334,"column":26},"end":{"line":334,"column":27}},"loc":{"start":{"line":334,"column":50},"end":{"line":334,"column":70}},"line":334}},"branchMap":{"0":{"loc":{"start":{"line":63,"column":4},"end":{"line":65,"column":5}},"type":"if","locations":[{"start":{"line":63,"column":4},"end":{"line":65,"column":5}},{"start":{"line":63,"column":4},"end":{"line":65,"column":5}}],"line":63},"1":{"loc":{"start":{"line":128,"column":4},"end":{"line":130,"column":5}},"type":"if","locations":[{"start":{"line":128,"column":4},"end":{"line":130,"column":5}},{"start":{"line":128,"column":4},"end":{"line":130,"column":5}}],"line":128},"2":{"loc":{"start":{"line":132,"column":4},"end":{"line":134,"column":5}},"type":"if","locations":[{"start":{"line":132,"column":4},"end":{"line":134,"column":5}},{"start":{"line":132,"column":4},"end":{"line":134,"column":5}}],"line":132},"3":{"loc":{"start":{"line":145,"column":22},"end":{"line":147,"column":91}},"type":"cond-expr","locations":[{"start":{"line":146,"column":8},"end":{"line":146,"column":44}},{"start":{"line":147,"column":8},"end":{"line":147,"column":91}}],"line":145},"4":{"loc":{"start":{"line":211,"column":4},"end":{"line":235,"column":5}},"type":"switch","locations":[{"start":{"line":212,"column":6},"end":{"line":212,"column":21}},{"start":{"line":213,"column":6},"end":{"line":216,"column":14}},{"start":{"line":217,"column":6},"end":{"line":226,"column":14}},{"start":{"line":227,"column":6},"end":{"line":234,"column":14}}],"line":211},"5":{"loc":{"start":{"line":220,"column":8},"end":{"line":222,"column":9}},"type":"if","locations":[{"start":{"line":220,"column":8},"end":{"line":222,"column":9}},{"start":{"line":220,"column":8},"end":{"line":222,"column":9}}],"line":220},"6":{"loc":{"start":{"line":230,"column":8},"end":{"line":233,"column":9}},"type":"if","locations":[{"start":{"line":230,"column":8},"end":{"line":233,"column":9}},{"start":{"line":230,"column":8},"end":{"line":233,"column":9}}],"line":230},"7":{"loc":{"start":{"line":230,"column":12},"end":{"line":230,"column":48}},"type":"binary-expr","locations":[{"start":{"line":230,"column":12},"end":{"line":230,"column":35}},{"start":{"line":230,"column":39},"end":{"line":230,"column":48}}],"line":230},"8":{"loc":{"start":{"line":268,"column":4},"end":{"line":270,"column":5}},"type":"if","locations":[{"start":{"line":268,"column":4},"end":{"line":270,"column":5}},{"start":{"line":268,"column":4},"end":{"line":270,"column":5}}],"line":268},"9":{"loc":{"start":{"line":272,"column":4},"end":{"line":275,"column":5}},"type":"if","locations":[{"start":{"line":272,"column":4},"end":{"line":275,"column":5}},{"start":{"line":272,"column":4},"end":{"line":275,"column":5}}],"line":272},"10":{"loc":{"start":{"line":277,"column":4},"end":{"line":279,"column":5}},"type":"if","locations":[{"start":{"line":277,"column":4},"end":{"line":279,"column":5}},{"start":{"line":277,"column":4},"end":{"line":279,"column":5}}],"line":277}},"s":{"0":1,"1":1,"2":1,"3":1,"4":1,"5":1,"6":1,"7":1,"8":1,"9":2,"10":2,"11":1,"12":1,"13":1,"14":1,"15":3,"16":1,"17":1,"18":1,"19":2,"20":1,"21":1,"22":1,"23":1,"24":1,"25":1,"26":1,"27":2,"28":1,"29":1,"30":1,"31":1,"32":1,"33":1,"34":7,"35":10,"36":7,"37":12,"38":12,"39":11,"40":12,"41":5,"42":12,"43":5,"44":5,"45":5,"46":5,"47":5,"48":0,"49":5,"50":5,"51":1,"52":1,"53":1,"54":1,"55":1,"56":2,"57":1,"58":1,"59":2,"60":2,"61":2,"62":1,"63":1,"64":2,"65":1,"66":1,"67":3,"68":2,"69":6,"70":2,"71":2,"72":2,"73":2,"74":2,"75":1,"76":1,"77":1,"78":1,"79":2,"80":2,"81":1,"82":1,"83":2,"84":5,"85":1,"86":1,"87":1,"88":1,"89":1,"90":1,"91":9,"92":9,"93":2,"94":7,"95":1,"96":1,"97":3,"98":6,"99":5,"100":1,"101":5,"102":5,"103":5,"104":5,"105":5,"106":5,"107":5,"108":1,"109":2,"110":1,"111":1,"112":2,"113":1,"114":1,"115":7,"116":1,"117":1,"118":1,"119":1,"120":5,"121":1,"122":2},"f":{"0":2,"1":1,"2":3,"3":2,"4":1,"5":2,"6":1,"7":7,"8":10,"9":7,"10":12,"11":5,"12":0,"13":1,"14":1,"15":2,"16":1,"17":1,"18":1,"19":3,"20":6,"21":5,"22":1,"23":1,"24":9,"25":3,"26":5,"27":1,"28":2,"29":2,"30":7,"31":1,"32":1,"33":1,"34":5,"35":1,"36":2},"b":{"0":[1,1],"1":[11,1],"2":[5,7],"3":[3,2],"4":[1,2,2,2],"5":[1,1],"6":[1,1],"7":[2,1],"8":[2,7],"9":[1,6],"10":[1,5]},"_coverageSchema":"1a1c01bbd47fc00a2c39e90264f33305004495a9","hash":"67994b25654b1966d20aaaa9d431f56967665375"}
}
