{"/Users/ilyabarchugov/Websites/emails-input/src/components/emails-input/emails-input.component.ts": {"path":"/Users/ilyabarchugov/Websites/emails-input/src/components/emails-input/emails-input.component.ts","statementMap":{"0":{"start":{"line":8,"column":18},"end":{"line":8,"column":21}},"1":{"start":{"line":16,"column":40},"end":{"line":16,"column":54}},"2":{"start":{"line":17,"column":36},"end":{"line":17,"column":57}},"3":{"start":{"line":18,"column":37},"end":{"line":18,"column":59}},"4":{"start":{"line":19,"column":44},"end":{"line":19,"column":70}},"5":{"start":{"line":23,"column":14},"end":{"line":23,"column":81}},"6":{"start":{"line":24,"column":18},"end":{"line":27,"column":23}},"7":{"start":{"line":28,"column":31},"end":{"line":28,"column":33}},"8":{"start":{"line":33,"column":4},"end":{"line":33,"column":39}},"9":{"start":{"line":35,"column":4},"end":{"line":35,"column":25}},"10":{"start":{"line":36,"column":4},"end":{"line":36,"column":29}},"11":{"start":{"line":44,"column":15},"end":{"line":44,"column":43}},"12":{"start":{"line":45,"column":4},"end":{"line":45,"column":29}},"13":{"start":{"line":46,"column":4},"end":{"line":46,"column":42}},"14":{"start":{"line":46,"column":17},"end":{"line":46,"column":42}},"15":{"start":{"line":48,"column":4},"end":{"line":48,"column":14}},"16":{"start":{"line":52,"column":4},"end":{"line":54,"column":70}},"17":{"start":{"line":53,"column":23},"end":{"line":53,"column":52}},"18":{"start":{"line":54,"column":24},"end":{"line":54,"column":68}},"19":{"start":{"line":55,"column":4},"end":{"line":55,"column":32}},"20":{"start":{"line":56,"column":4},"end":{"line":56,"column":43}},"21":{"start":{"line":57,"column":4},"end":{"line":57,"column":85}},"22":{"start":{"line":61,"column":4},"end":{"line":64,"column":7}},"23":{"start":{"line":62,"column":6},"end":{"line":62,"column":25}},"24":{"start":{"line":63,"column":6},"end":{"line":63,"column":49}},"25":{"start":{"line":66,"column":4},"end":{"line":66,"column":91}},"26":{"start":{"line":66,"column":47},"end":{"line":66,"column":89}},"27":{"start":{"line":68,"column":4},"end":{"line":71,"column":7}},"28":{"start":{"line":69,"column":6},"end":{"line":69,"column":39}},"29":{"start":{"line":70,"column":6},"end":{"line":70,"column":52}},"30":{"start":{"line":73,"column":4},"end":{"line":78,"column":6}},"31":{"start":{"line":74,"column":6},"end":{"line":77,"column":7}},"32":{"start":{"line":75,"column":14},"end":{"line":75,"column":94}},"33":{"start":{"line":75,"column":66},"end":{"line":75,"column":93}},"34":{"start":{"line":80,"column":4},"end":{"line":80,"column":63}},"35":{"start":{"line":84,"column":4},"end":{"line":86,"column":5}},"36":{"start":{"line":85,"column":6},"end":{"line":85,"column":13}},"37":{"start":{"line":88,"column":4},"end":{"line":90,"column":5}},"38":{"start":{"line":88,"column":37},"end":{"line":88,"column":51}},"39":{"start":{"line":89,"column":6},"end":{"line":89,"column":13}},"40":{"start":{"line":92,"column":24},"end":{"line":92,"column":40}},"41":{"start":{"line":93,"column":20},"end":{"line":93,"column":43}},"42":{"start":{"line":95,"column":20},"end":{"line":95,"column":57}},"43":{"start":{"line":96,"column":4},"end":{"line":98,"column":5}},"44":{"start":{"line":97,"column":6},"end":{"line":97,"column":30}},"45":{"start":{"line":99,"column":19},"end":{"line":99,"column":62}},"46":{"start":{"line":101,"column":6},"end":{"line":101,"column":185}},"47":{"start":{"line":102,"column":22},"end":{"line":102,"column":96}},"48":{"start":{"line":103,"column":4},"end":{"line":103,"column":31}},"49":{"start":{"line":104,"column":4},"end":{"line":104,"column":72}},"50":{"start":{"line":104,"column":46},"end":{"line":104,"column":70}},"51":{"start":{"line":105,"column":4},"end":{"line":105,"column":34}},"52":{"start":{"line":106,"column":4},"end":{"line":106,"column":52}},"53":{"start":{"line":107,"column":4},"end":{"line":107,"column":30}},"54":{"start":{"line":108,"column":4},"end":{"line":108,"column":26}},"55":{"start":{"line":109,"column":4},"end":{"line":109,"column":29}},"56":{"start":{"line":113,"column":23},"end":{"line":115,"column":69}},"57":{"start":{"line":115,"column":23},"end":{"line":115,"column":57}},"58":{"start":{"line":117,"column":4},"end":{"line":117,"column":43}},"59":{"start":{"line":118,"column":4},"end":{"line":118,"column":73}},"60":{"start":{"line":118,"column":51},"end":{"line":118,"column":71}},"61":{"start":{"line":119,"column":4},"end":{"line":119,"column":38}},"62":{"start":{"line":122,"column":26},"end":{"line":146,"column":3}},"63":{"start":{"line":123,"column":16},"end":{"line":123,"column":44}},"64":{"start":{"line":124,"column":4},"end":{"line":145,"column":5}},"65":{"start":{"line":128,"column":8},"end":{"line":128,"column":31}},"66":{"start":{"line":129,"column":8},"end":{"line":129,"column":41}},"67":{"start":{"line":130,"column":8},"end":{"line":130,"column":14}},"68":{"start":{"line":132,"column":8},"end":{"line":134,"column":9}},"69":{"start":{"line":133,"column":10},"end":{"line":133,"column":17}},"70":{"start":{"line":135,"column":8},"end":{"line":135,"column":31}},"71":{"start":{"line":136,"column":8},"end":{"line":136,"column":41}},"72":{"start":{"line":137,"column":8},"end":{"line":137,"column":14}},"73":{"start":{"line":139,"column":27},"end":{"line":139,"column":66}},"74":{"start":{"line":140,"column":8},"end":{"line":143,"column":9}},"75":{"start":{"line":141,"column":10},"end":{"line":141,"column":33}},"76":{"start":{"line":142,"column":10},"end":{"line":142,"column":40}},"77":{"start":{"line":144,"column":8},"end":{"line":144,"column":14}},"78":{"start":{"line":149,"column":4},"end":{"line":149,"column":25}},"79":{"start":{"line":153,"column":4},"end":{"line":153,"column":61}},"80":{"start":{"line":153,"column":36},"end":{"line":153,"column":59}},"81":{"start":{"line":154,"column":4},"end":{"line":154,"column":63}},"82":{"start":{"line":154,"column":34},"end":{"line":154,"column":61}},"83":{"start":{"line":158,"column":4},"end":{"line":158,"column":61}},"84":{"start":{"line":158,"column":44},"end":{"line":158,"column":60}},"85":{"start":{"line":162,"column":4},"end":{"line":162,"column":64}},"86":{"start":{"line":162,"column":47},"end":{"line":162,"column":63}}},"fnMap":{"0":{"name":"(anonymous_0)","decl":{"start":{"line":32,"column":2},"end":{"line":32,"column":3}},"loc":{"start":{"line":32,"column":42},"end":{"line":37,"column":3}},"line":32},"1":{"name":"(anonymous_1)","decl":{"start":{"line":39,"column":2},"end":{"line":39,"column":3}},"loc":{"start":{"line":43,"column":36},"end":{"line":49,"column":3}},"line":43},"2":{"name":"(anonymous_2)","decl":{"start":{"line":51,"column":2},"end":{"line":51,"column":3}},"loc":{"start":{"line":51,"column":26},"end":{"line":58,"column":3}},"line":51},"3":{"name":"(anonymous_3)","decl":{"start":{"line":53,"column":14},"end":{"line":53,"column":15}},"loc":{"start":{"line":53,"column":23},"end":{"line":53,"column":52}},"line":53},"4":{"name":"(anonymous_4)","decl":{"start":{"line":54,"column":15},"end":{"line":54,"column":16}},"loc":{"start":{"line":54,"column":24},"end":{"line":54,"column":68}},"line":54},"5":{"name":"(anonymous_5)","decl":{"start":{"line":60,"column":2},"end":{"line":60,"column":3}},"loc":{"start":{"line":60,"column":30},"end":{"line":81,"column":3}},"line":60},"6":{"name":"(anonymous_6)","decl":{"start":{"line":61,"column":45},"end":{"line":61,"column":46}},"loc":{"start":{"line":61,"column":51},"end":{"line":64,"column":5}},"line":61},"7":{"name":"(anonymous_7)","decl":{"start":{"line":66,"column":41},"end":{"line":66,"column":42}},"loc":{"start":{"line":66,"column":47},"end":{"line":66,"column":89}},"line":66},"8":{"name":"(anonymous_8)","decl":{"start":{"line":68,"column":40},"end":{"line":68,"column":41}},"loc":{"start":{"line":68,"column":46},"end":{"line":71,"column":5}},"line":68},"9":{"name":"(anonymous_9)","decl":{"start":{"line":73,"column":41},"end":{"line":73,"column":42}},"loc":{"start":{"line":74,"column":6},"end":{"line":77,"column":7}},"line":74},"10":{"name":"(anonymous_10)","decl":{"start":{"line":75,"column":8},"end":{"line":75,"column":9}},"loc":{"start":{"line":75,"column":14},"end":{"line":75,"column":94}},"line":75},"11":{"name":"(anonymous_11)","decl":{"start":{"line":75,"column":56},"end":{"line":75,"column":57}},"loc":{"start":{"line":75,"column":66},"end":{"line":75,"column":93}},"line":75},"12":{"name":"(anonymous_12)","decl":{"start":{"line":83,"column":2},"end":{"line":83,"column":3}},"loc":{"start":{"line":83,"column":27},"end":{"line":110,"column":3}},"line":83},"13":{"name":"(anonymous_13)","decl":{"start":{"line":88,"column":27},"end":{"line":88,"column":28}},"loc":{"start":{"line":88,"column":37},"end":{"line":88,"column":51}},"line":88},"14":{"name":"(anonymous_14)","decl":{"start":{"line":104,"column":40},"end":{"line":104,"column":41}},"loc":{"start":{"line":104,"column":46},"end":{"line":104,"column":70}},"line":104},"15":{"name":"(anonymous_15)","decl":{"start":{"line":112,"column":2},"end":{"line":112,"column":3}},"loc":{"start":{"line":112,"column":36},"end":{"line":120,"column":3}},"line":112},"16":{"name":"(anonymous_16)","decl":{"start":{"line":115,"column":11},"end":{"line":115,"column":12}},"loc":{"start":{"line":115,"column":23},"end":{"line":115,"column":57}},"line":115},"17":{"name":"(anonymous_17)","decl":{"start":{"line":118,"column":41},"end":{"line":118,"column":42}},"loc":{"start":{"line":118,"column":51},"end":{"line":118,"column":71}},"line":118},"18":{"name":"(anonymous_18)","decl":{"start":{"line":122,"column":26},"end":{"line":122,"column":27}},"loc":{"start":{"line":122,"column":52},"end":{"line":146,"column":3}},"line":122},"19":{"name":"(anonymous_19)","decl":{"start":{"line":148,"column":2},"end":{"line":148,"column":3}},"loc":{"start":{"line":148,"column":26},"end":{"line":150,"column":3}},"line":148},"20":{"name":"(anonymous_20)","decl":{"start":{"line":152,"column":2},"end":{"line":152,"column":3}},"loc":{"start":{"line":152,"column":36},"end":{"line":155,"column":3}},"line":152},"21":{"name":"(anonymous_21)","decl":{"start":{"line":153,"column":26},"end":{"line":153,"column":27}},"loc":{"start":{"line":153,"column":36},"end":{"line":153,"column":59}},"line":153},"22":{"name":"(anonymous_22)","decl":{"start":{"line":154,"column":24},"end":{"line":154,"column":25}},"loc":{"start":{"line":154,"column":34},"end":{"line":154,"column":61}},"line":154},"23":{"name":"(anonymous_23)","decl":{"start":{"line":157,"column":2},"end":{"line":157,"column":3}},"loc":{"start":{"line":157,"column":31},"end":{"line":159,"column":3}},"line":157},"24":{"name":"(anonymous_24)","decl":{"start":{"line":158,"column":24},"end":{"line":158,"column":25}},"loc":{"start":{"line":158,"column":44},"end":{"line":158,"column":60}},"line":158},"25":{"name":"(anonymous_25)","decl":{"start":{"line":161,"column":2},"end":{"line":161,"column":3}},"loc":{"start":{"line":161,"column":33},"end":{"line":163,"column":3}},"line":161},"26":{"name":"(anonymous_26)","decl":{"start":{"line":162,"column":27},"end":{"line":162,"column":28}},"loc":{"start":{"line":162,"column":47},"end":{"line":162,"column":63}},"line":162}},"branchMap":{"0":{"loc":{"start":{"line":46,"column":4},"end":{"line":46,"column":42}},"type":"if","locations":[{"start":{"line":46,"column":4},"end":{"line":46,"column":42}},{"start":{"line":46,"column":4},"end":{"line":46,"column":42}}],"line":46},"1":{"loc":{"start":{"line":84,"column":4},"end":{"line":86,"column":5}},"type":"if","locations":[{"start":{"line":84,"column":4},"end":{"line":86,"column":5}},{"start":{"line":84,"column":4},"end":{"line":86,"column":5}}],"line":84},"2":{"loc":{"start":{"line":88,"column":4},"end":{"line":90,"column":5}},"type":"if","locations":[{"start":{"line":88,"column":4},"end":{"line":90,"column":5}},{"start":{"line":88,"column":4},"end":{"line":90,"column":5}}],"line":88},"3":{"loc":{"start":{"line":96,"column":4},"end":{"line":98,"column":5}},"type":"if","locations":[{"start":{"line":96,"column":4},"end":{"line":98,"column":5}},{"start":{"line":96,"column":4},"end":{"line":98,"column":5}}],"line":96},"4":{"loc":{"start":{"line":123,"column":16},"end":{"line":123,"column":44}},"type":"binary-expr","locations":[{"start":{"line":123,"column":16},"end":{"line":123,"column":29}},{"start":{"line":123,"column":33},"end":{"line":123,"column":44}}],"line":123},"5":{"loc":{"start":{"line":124,"column":4},"end":{"line":145,"column":5}},"type":"switch","locations":[{"start":{"line":125,"column":6},"end":{"line":125,"column":21}},{"start":{"line":126,"column":6},"end":{"line":126,"column":21}},{"start":{"line":127,"column":6},"end":{"line":130,"column":14}},{"start":{"line":131,"column":6},"end":{"line":137,"column":14}},{"start":{"line":138,"column":6},"end":{"line":144,"column":14}}],"line":124},"6":{"loc":{"start":{"line":132,"column":8},"end":{"line":134,"column":9}},"type":"if","locations":[{"start":{"line":132,"column":8},"end":{"line":134,"column":9}},{"start":{"line":132,"column":8},"end":{"line":134,"column":9}}],"line":132},"7":{"loc":{"start":{"line":140,"column":8},"end":{"line":143,"column":9}},"type":"if","locations":[{"start":{"line":140,"column":8},"end":{"line":143,"column":9}},{"start":{"line":140,"column":8},"end":{"line":143,"column":9}}],"line":140},"8":{"loc":{"start":{"line":140,"column":12},"end":{"line":140,"column":49}},"type":"binary-expr","locations":[{"start":{"line":140,"column":12},"end":{"line":140,"column":35}},{"start":{"line":140,"column":39},"end":{"line":140,"column":49}}],"line":140}},"s":{"0":1,"1":1,"2":1,"3":1,"4":1,"5":1,"6":1,"7":1,"8":1,"9":1,"10":1,"11":10,"12":10,"13":10,"14":4,"15":10,"16":1,"17":2,"18":1,"19":1,"20":1,"21":1,"22":1,"23":0,"24":0,"25":1,"26":0,"27":1,"28":0,"29":0,"30":1,"31":0,"32":0,"33":0,"34":1,"35":6,"36":1,"37":5,"38":3,"39":1,"40":4,"41":4,"42":4,"43":4,"44":2,"45":4,"46":4,"47":4,"48":4,"49":4,"50":0,"51":4,"52":4,"53":4,"54":4,"55":4,"56":2,"57":2,"58":2,"59":2,"60":3,"61":2,"62":1,"63":0,"64":0,"65":0,"66":0,"67":0,"68":0,"69":0,"70":0,"71":0,"72":0,"73":0,"74":0,"75":0,"76":0,"77":0,"78":6,"79":1,"80":2,"81":1,"82":2,"83":1,"84":4,"85":1,"86":2},"f":{"0":1,"1":10,"2":1,"3":2,"4":1,"5":1,"6":0,"7":0,"8":0,"9":0,"10":0,"11":0,"12":6,"13":3,"14":0,"15":2,"16":2,"17":3,"18":0,"19":6,"20":1,"21":2,"22":2,"23":1,"24":4,"25":1,"26":2},"b":{"0":[4,6],"1":[1,5],"2":[1,4],"3":[2,2],"4":[0,0],"5":[0,0,0,0,0],"6":[0,0],"7":[0,0],"8":[0,0]},"_coverageSchema":"1a1c01bbd47fc00a2c39e90264f33305004495a9","hash":"1be451ddafbc886fba33fb9ac297a72abaacdc3d"}
}
