TN:
SF:src/components/emails-input/emails-input.component.ts
FN:60,(anonymous_0)
FN:69,(anonymous_1)
FN:78,(anonymous_2)
FN:79,(anonymous_3)
FN:90,(anonymous_4)
FN:108,(anonymous_5)
FN:121,(anonymous_6)
FN:131,(anonymous_7)
FN:140,(anonymous_8)
FN:150,(anonymous_9)
FN:151,(anonymous_10)
FN:151,(anonymous_11)
FN:162,(anonymous_12)
FN:194,(anonymous_13)
FN:201,(anonymous_14)
FN:207,(anonymous_15)
FN:228,(anonymous_16)
FN:231,(anonymous_17)
FN:233,(anonymous_18)
FN:240,(anonymous_19)
FN:248,(anonymous_20)
FN:249,(anonymous_21)
FN:250,(anonymous_22)
FN:257,(anonymous_23)
FN:258,(anonymous_24)
FN:265,(anonymous_25)
FN:266,(anonymous_26)
FNF:27
FNH:26
FNDA:1,(anonymous_0)
FNDA:1,(anonymous_1)
FNDA:2,(anonymous_2)
FNDA:1,(anonymous_3)
FNDA:8,(anonymous_4)
FNDA:1,(anonymous_5)
FNDA:1,(anonymous_6)
FNDA:2,(anonymous_7)
FNDA:1,(anonymous_8)
FNDA:1,(anonymous_9)
FNDA:1,(anonymous_10)
FNDA:3,(anonymous_11)
FNDA:6,(anonymous_12)
FNDA:5,(anonymous_13)
FNDA:2,(anonymous_14)
FNDA:0,(anonymous_15)
FNDA:2,(anonymous_16)
FNDA:3,(anonymous_17)
FNDA:3,(anonymous_18)
FNDA:5,(anonymous_19)
FNDA:1,(anonymous_20)
FNDA:2,(anonymous_21)
FNDA:1,(anonymous_22)
FNDA:1,(anonymous_23)
FNDA:3,(anonymous_24)
FNDA:1,(anonymous_25)
FNDA:2,(anonymous_26)
DA:1,1
DA:3,1
DA:6,1
DA:16,1
DA:17,1
DA:18,1
DA:19,1
DA:20,1
DA:21,1
DA:44,1
DA:61,1
DA:62,1
DA:70,1
DA:71,1
DA:72,1
DA:76,1
DA:78,2
DA:79,1
DA:80,1
DA:81,1
DA:95,8
DA:96,8
DA:98,8
DA:99,3
DA:102,8
DA:109,1
DA:110,1
DA:111,1
DA:112,1
DA:113,1
DA:121,1
DA:122,1
DA:123,1
DA:131,1
DA:132,2
DA:140,1
DA:141,1
DA:142,1
DA:150,1
DA:151,3
DA:162,1
DA:163,6
DA:166,2
DA:167,2
DA:168,2
DA:170,2
DA:172,2
DA:173,1
DA:176,1
DA:177,1
DA:178,1
DA:180,2
DA:182,2
DA:183,1
DA:184,1
DA:186,2
DA:195,5
DA:197,5
DA:198,1
DA:201,4
DA:202,1
DA:205,3
DA:206,3
DA:207,3
DA:209,3
DA:210,3
DA:212,3
DA:213,1
DA:216,3
DA:217,3
DA:218,3
DA:219,3
DA:220,3
DA:221,3
DA:229,2
DA:231,3
DA:232,2
DA:233,3
DA:234,2
DA:241,5
DA:249,2
DA:250,1
DA:258,3
DA:266,2
LF:84
LH:84
BRDA:98,0,0,3
BRDA:98,0,1,5
BRDA:163,1,0,1
BRDA:163,1,1,2
BRDA:163,1,2,2
BRDA:163,1,3,2
BRDA:172,2,0,1
BRDA:172,2,1,1
BRDA:182,3,0,1
BRDA:182,3,1,1
BRDA:182,4,0,2
BRDA:182,4,1,1
BRDA:197,5,0,1
BRDA:197,5,1,4
BRDA:201,6,0,1
BRDA:201,6,1,3
BRDA:212,7,0,1
BRDA:212,7,1,2
BRF:18
BRH:18
end_of_record
