TN:
SF:src/components/emails-input/emails-input.component.ts
FN:62,(anonymous_0)
FN:75,(anonymous_1)
FN:78,(anonymous_2)
FN:85,(anonymous_3)
FN:86,(anonymous_4)
FN:94,(anonymous_5)
FN:95,(anonymous_6)
FN:108,(anonymous_7)
FN:110,(anonymous_8)
FN:111,(anonymous_9)
FN:121,(anonymous_10)
FN:144,(anonymous_11)
FN:152,(anonymous_12)
FN:161,(anonymous_13)
FN:173,(anonymous_14)
FN:182,(anonymous_15)
FN:190,(anonymous_16)
FN:199,(anonymous_17)
FN:200,(anonymous_18)
FN:200,(anonymous_19)
FN:210,(anonymous_20)
FN:242,(anonymous_21)
FN:249,(anonymous_22)
FN:253,(anonymous_23)
FN:265,(anonymous_24)
FN:274,(anonymous_25)
FN:277,(anonymous_26)
FN:295,(anonymous_27)
FN:298,(anonymous_28)
FN:300,(anonymous_29)
FN:308,(anonymous_30)
FN:316,(anonymous_31)
FN:318,(anonymous_32)
FN:325,(anonymous_33)
FN:326,(anonymous_34)
FN:333,(anonymous_35)
FN:334,(anonymous_36)
FNF:37
FNH:36
FNDA:2,(anonymous_0)
FNDA:1,(anonymous_1)
FNDA:3,(anonymous_2)
FNDA:2,(anonymous_3)
FNDA:1,(anonymous_4)
FNDA:2,(anonymous_5)
FNDA:1,(anonymous_6)
FNDA:7,(anonymous_7)
FNDA:10,(anonymous_8)
FNDA:7,(anonymous_9)
FNDA:12,(anonymous_10)
FNDA:5,(anonymous_11)
FNDA:0,(anonymous_12)
FNDA:1,(anonymous_13)
FNDA:1,(anonymous_14)
FNDA:2,(anonymous_15)
FNDA:1,(anonymous_16)
FNDA:1,(anonymous_17)
FNDA:1,(anonymous_18)
FNDA:3,(anonymous_19)
FNDA:6,(anonymous_20)
FNDA:5,(anonymous_21)
FNDA:1,(anonymous_22)
FNDA:1,(anonymous_23)
FNDA:9,(anonymous_24)
FNDA:3,(anonymous_25)
FNDA:5,(anonymous_26)
FNDA:1,(anonymous_27)
FNDA:2,(anonymous_28)
FNDA:2,(anonymous_29)
FNDA:7,(anonymous_30)
FNDA:1,(anonymous_31)
FNDA:1,(anonymous_32)
FNDA:1,(anonymous_33)
FNDA:5,(anonymous_34)
FNDA:1,(anonymous_35)
FNDA:2,(anonymous_36)
DA:1,1
DA:3,1
DA:6,1
DA:21,1
DA:22,1
DA:23,1
DA:24,1
DA:25,1
DA:26,1
DA:48,2
DA:63,2
DA:64,1
DA:67,1
DA:68,1
DA:76,1
DA:78,3
DA:80,1
DA:84,1
DA:85,2
DA:86,1
DA:87,1
DA:88,1
DA:90,1
DA:92,1
DA:93,1
DA:94,2
DA:95,1
DA:96,1
DA:97,1
DA:99,1
DA:101,1
DA:102,1
DA:109,7
DA:110,10
DA:111,7
DA:126,12
DA:128,12
DA:129,11
DA:132,12
DA:133,5
DA:136,12
DA:145,5
DA:148,5
DA:150,5
DA:151,5
DA:152,5
DA:153,5
DA:155,5
DA:162,1
DA:163,1
DA:164,1
DA:165,1
DA:166,1
DA:173,2
DA:174,1
DA:175,1
DA:182,2
DA:183,2
DA:190,2
DA:191,1
DA:192,1
DA:199,2
DA:200,3
DA:210,2
DA:211,6
DA:214,2
DA:215,2
DA:216,2
DA:218,2
DA:220,2
DA:221,1
DA:224,1
DA:225,1
DA:226,1
DA:228,2
DA:230,2
DA:231,1
DA:232,1
DA:234,2
DA:243,5
DA:250,1
DA:253,1
DA:254,1
DA:255,1
DA:257,1
DA:258,1
DA:266,9
DA:268,9
DA:269,2
DA:272,7
DA:273,1
DA:274,3
DA:277,6
DA:278,1
DA:281,5
DA:282,5
DA:283,5
DA:285,5
DA:286,5
DA:287,5
DA:288,5
DA:296,1
DA:298,2
DA:299,1
DA:300,2
DA:301,1
DA:302,1
DA:309,7
DA:317,1
DA:318,1
DA:326,5
DA:334,2
LF:112
LH:112
BRDA:63,0,0,1
BRDA:63,0,1,1
BRDA:128,1,0,11
BRDA:128,1,1,1
BRDA:132,2,0,5
BRDA:132,2,1,7
BRDA:145,3,0,3
BRDA:145,3,1,2
BRDA:211,4,0,1
BRDA:211,4,1,2
BRDA:211,4,2,2
BRDA:211,4,3,2
BRDA:220,5,0,1
BRDA:220,5,1,1
BRDA:230,6,0,1
BRDA:230,6,1,1
BRDA:230,7,0,2
BRDA:230,7,1,1
BRDA:268,8,0,2
BRDA:268,8,1,7
BRDA:272,9,0,1
BRDA:272,9,1,6
BRDA:277,10,0,1
BRDA:277,10,1,5
BRF:24
BRH:24
end_of_record
